0 info it worked if it ends with ok
1 verbose cli [ 'node', '/usr/local/bin/npm', 'i', '--save', 'bluebird' ]
2 info using npm@1.4.28
3 info using node@v0.10.32
4 warn package.json TinyBucket@1.0.0 No repository field.
5 warn package.json TinyBucket@1.0.0 No README data
6 verbose readDependencies using package.json deps
7 verbose cache add [ 'bluebird', null ]
8 verbose cache add name=undefined spec="bluebird" args=["bluebird",null]
9 verbose parsed url { protocol: null,
9 verbose parsed url   slashes: null,
9 verbose parsed url   auth: null,
9 verbose parsed url   host: null,
9 verbose parsed url   port: null,
9 verbose parsed url   hostname: null,
9 verbose parsed url   hash: null,
9 verbose parsed url   search: null,
9 verbose parsed url   query: null,
9 verbose parsed url   pathname: 'bluebird',
9 verbose parsed url   path: 'bluebird',
9 verbose parsed url   href: 'bluebird' }
10 silly lockFile 51f856fa-bluebird bluebird
11 verbose lock bluebird /Users/mylabaker/.npm/51f856fa-bluebird.lock
12 silly lockFile 51f856fa-bluebird bluebird
13 silly lockFile 51f856fa-bluebird bluebird
14 verbose addNamed [ 'bluebird', '' ]
15 verbose addNamed [ null, '*' ]
16 silly lockFile cd4d23b7-bluebird bluebird@
17 verbose lock bluebird@ /Users/mylabaker/.npm/cd4d23b7-bluebird.lock
18 silly addNameRange { name: 'bluebird', range: '*', hasData: false }
19 verbose request where is /bluebird
20 verbose request registry https://registry.npmjs.org/
21 verbose request id 12ffbf68bf23a940
22 verbose url raw /bluebird
23 verbose url resolving [ 'https://registry.npmjs.org/', './bluebird' ]
24 verbose url resolved https://registry.npmjs.org/bluebird
25 verbose request where is https://registry.npmjs.org/bluebird
26 info trying registry request attempt 1 at 11:51:28
27 verbose etag "7ZFGPGDCHKNLC31O6FUGV9TLD"
28 http GET https://registry.npmjs.org/bluebird
29 http 200 https://registry.npmjs.org/bluebird
30 silly registry.get cb [ 200,
30 silly registry.get   { date: 'Tue, 28 Oct 2014 18:37:35 GMT',
30 silly registry.get     server: 'CouchDB/1.5.0 (Erlang OTP/R16B03)',
30 silly registry.get     etag: '"DY3S1LOHFPQ84Z1D7KFOVR7F2"',
30 silly registry.get     'content-type': 'application/json',
30 silly registry.get     'cache-control': 'max-age=60',
30 silly registry.get     'content-length': '234854',
30 silly registry.get     'accept-ranges': 'bytes',
30 silly registry.get     via: '1.1 varnish',
30 silly registry.get     age: '0',
30 silly registry.get     'x-served-by': 'cache-lax1427-LAX',
30 silly registry.get     'x-cache': 'HIT',
30 silly registry.get     'x-cache-hits': '1',
30 silly registry.get     'x-timer': 'S1414521455.496986,VS0,VE1',
30 silly registry.get     vary: 'Accept',
30 silly registry.get     'keep-alive': 'timeout=10, max=50',
30 silly registry.get     connection: 'Keep-Alive' } ]
31 silly addNameRange number 2 { name: 'bluebird', range: '*', hasData: true }
32 silly addNameRange versions [ 'bluebird',
32 silly addNameRange   [ '0.7.1-1',
32 silly addNameRange     '0.7.1-2',
32 silly addNameRange     '0.7.1-3',
32 silly addNameRange     '0.7.1-4',
32 silly addNameRange     '0.7.1-5',
32 silly addNameRange     '0.7.2-0',
32 silly addNameRange     '0.7.3-0',
32 silly addNameRange     '0.7.4-0',
32 silly addNameRange     '0.7.4-1',
32 silly addNameRange     '0.7.5-0',
32 silly addNameRange     '0.7.6-0',
32 silly addNameRange     '0.7.7-0',
32 silly addNameRange     '0.7.7-1',
32 silly addNameRange     '0.7.8-0',
32 silly addNameRange     '0.7.8-1',
32 silly addNameRange     '0.7.9-0',
32 silly addNameRange     '0.7.9-1',
32 silly addNameRange     '0.7.10-0',
32 silly addNameRange     '0.7.10-1',
32 silly addNameRange     '0.7.11-0',
32 silly addNameRange     '0.7.12-0',
32 silly addNameRange     '0.7.12-1',
32 silly addNameRange     '0.7.12-2',
32 silly addNameRange     '0.8.0-0',
32 silly addNameRange     '0.8.0-1',
32 silly addNameRange     '0.8.0-2',
32 silly addNameRange     '0.8.0-3',
32 silly addNameRange     '0.8.1-0',
32 silly addNameRange     '0.8.2-0',
32 silly addNameRange     '0.8.2-1',
32 silly addNameRange     '0.8.2-2',
32 silly addNameRange     '0.8.3-0',
32 silly addNameRange     '0.8.3-1',
32 silly addNameRange     '0.8.3-2',
32 silly addNameRange     '0.8.3-3',
32 silly addNameRange     '0.8.4-0',
32 silly addNameRange     '0.8.4-1',
32 silly addNameRange     '0.8.5-0',
32 silly addNameRange     '0.8.5-1',
32 silly addNameRange     '0.9.0-0',
32 silly addNameRange     '0.9.1-0',
32 silly addNameRange     '0.9.1-1',
32 silly addNameRange     '0.9.2-0',
32 silly addNameRange     '0.9.2-1',
32 silly addNameRange     '0.9.3-0',
32 silly addNameRange     '0.9.4-0',
32 silly addNameRange     '0.9.4-1',
32 silly addNameRange     '0.9.5-0',
32 silly addNameRange     '0.9.6-0',
32 silly addNameRange     '0.9.7-0',
32 silly addNameRange     '0.9.8-0',
32 silly addNameRange     '0.9.9-0',
32 silly addNameRange     '0.9.10-0',
32 silly addNameRange     '0.9.10-1',
32 silly addNameRange     '0.9.11-0',
32 silly addNameRange     '0.9.11-1',
32 silly addNameRange     '0.10.0-0',
32 silly addNameRange     '0.10.0-1',
32 silly addNameRange     '0.10.1-0',
32 silly addNameRange     '0.10.2-0',
32 silly addNameRange     '0.10.2-1',
32 silly addNameRange     '0.10.3-0',
32 silly addNameRange     '0.10.4-0',
32 silly addNameRange     '0.10.4-1',
32 silly addNameRange     '0.10.5-0',
32 silly addNameRange     '0.10.6-0',
32 silly addNameRange     '0.10.7-0',
32 silly addNameRange     '0.10.8-0',
32 silly addNameRange     '0.10.9-0',
32 silly addNameRange     '0.10.9-1',
32 silly addNameRange     '0.10.10-0',
32 silly addNameRange     '0.10.11-0',
32 silly addNameRange     '0.10.11-1',
32 silly addNameRange     '0.10.11-2',
32 silly addNameRange     '0.10.11-4',
32 silly addNameRange     '0.10.12-0',
32 silly addNameRange     '0.10.13-0',
32 silly addNameRange     '0.10.13-1',
32 silly addNameRange     '0.10.14-0',
32 silly addNameRange     '0.11.0-0',
32 silly addNameRange     '0.11.1-0',
32 silly addNameRange     '0.11.2-0',
32 silly addNameRange     '0.11.3-0',
32 silly addNameRange     '0.11.4-0',
32 silly addNameRange     '0.11.4-1',
32 silly addNameRange     '0.11.5-0',
32 silly addNameRange     '0.11.5-1',
32 silly addNameRange     '0.11.6-0',
32 silly addNameRange     '1.0.0',
32 silly addNameRange     '1.0.1',
32 silly addNameRange     '1.0.2',
32 silly addNameRange     '1.0.3',
32 silly addNameRange     '1.0.4',
32 silly addNameRange     '1.0.5',
32 silly addNameRange     '1.0.7',
32 silly addNameRange     '1.0.8',
32 silly addNameRange     '1.1.0',
32 silly addNameRange     '1.1.1',
32 silly addNameRange     '1.2.0',
32 silly addNameRange     '1.2.1',
32 silly addNameRange     '1.2.2',
32 silly addNameRange     '1.2.3',
32 silly addNameRange     '1.2.4',
32 silly addNameRange     '2.0.2',
32 silly addNameRange     '2.0.3',
32 silly addNameRange     '2.0.4',
32 silly addNameRange     '2.0.5',
32 silly addNameRange     '2.0.6',
32 silly addNameRange     '2.0.7',
32 silly addNameRange     '2.1.1',
32 silly addNameRange     '2.1.2',
32 silly addNameRange     '2.1.3',
32 silly addNameRange     '2.2.0',
32 silly addNameRange     '2.2.1',
32 silly addNameRange     '2.2.2',
32 silly addNameRange     '2.3.0',
32 silly addNameRange     '2.3.1',
32 silly addNameRange     '2.3.2',
32 silly addNameRange     '2.3.3',
32 silly addNameRange     '2.3.4',
32 silly addNameRange     '2.3.5',
32 silly addNameRange     '0.11.6',
32 silly addNameRange     '2.3.6',
32 silly addNameRange     '2.3.9',
32 silly addNameRange     '2.3.10' ] ]
33 verbose addNamed [ 'bluebird', '2.3.10' ]
34 verbose addNamed [ '2.3.10', '2.3.10' ]
35 silly lockFile 3b199f4c-bluebird-2-3-10 bluebird@2.3.10
36 verbose lock bluebird@2.3.10 /Users/mylabaker/.npm/3b199f4c-bluebird-2-3-10.lock
37 silly lockFile c7abeac3-org-bluebird-bluebird-2-3-10-tgz https://registry.npmjs.org/bluebird/-/bluebird-2.3.10.tgz
38 verbose lock https://registry.npmjs.org/bluebird/-/bluebird-2.3.10.tgz /Users/mylabaker/.npm/c7abeac3-org-bluebird-bluebird-2-3-10-tgz.lock
39 verbose addRemoteTarball [ 'https://registry.npmjs.org/bluebird/-/bluebird-2.3.10.tgz',
39 verbose addRemoteTarball   'a3d76a6e734f60bda9cf8d8e092c7969d8018beb' ]
40 info retry fetch attempt 1 at 11:51:29
41 verbose fetch to= /var/folders/zj/v4294p0d1j36lcswtff9zfm40000gn/T/npm-3034-xr7RAqRv/registry.npmjs.org/bluebird/-/bluebird-2.3.10.tgz
42 http GET https://registry.npmjs.org/bluebird/-/bluebird-2.3.10.tgz
43 http 200 https://registry.npmjs.org/bluebird/-/bluebird-2.3.10.tgz
44 silly lockFile c7abeac3-org-bluebird-bluebird-2-3-10-tgz https://registry.npmjs.org/bluebird/-/bluebird-2.3.10.tgz
45 silly lockFile c7abeac3-org-bluebird-bluebird-2-3-10-tgz https://registry.npmjs.org/bluebird/-/bluebird-2.3.10.tgz
46 silly lockFile 3b199f4c-bluebird-2-3-10 bluebird@2.3.10
47 silly lockFile 3b199f4c-bluebird-2-3-10 bluebird@2.3.10
48 silly lockFile cd4d23b7-bluebird bluebird@
49 silly lockFile cd4d23b7-bluebird bluebird@
50 error Error: EACCES, mkdir '/Users/mylabaker/.npm/bluebird/2.3.10'
50 error  { [Error: EACCES, mkdir '/Users/mylabaker/.npm/bluebird/2.3.10']
50 error   errno: 3,
50 error   code: 'EACCES',
50 error   path: '/Users/mylabaker/.npm/bluebird/2.3.10',
50 error   parent: 'TinyBucket' }
51 error Please try running this command again as root/Administrator.
52 error System Darwin 13.3.0
53 error command "node" "/usr/local/bin/npm" "i" "--save" "bluebird"
54 error cwd /Users/mylabaker/WDI-2014/Project 1
55 error node -v v0.10.32
56 error npm -v 1.4.28
57 error path /Users/mylabaker/.npm/bluebird/2.3.10
58 error code EACCES
59 error errno 3
60 error stack Error: EACCES, mkdir '/Users/mylabaker/.npm/bluebird/2.3.10'
61 verbose exit [ 3, true ]
